<?xml version="1.0" encoding="UTF-8"?>
<!-- Generated by org.testng.reporters.JUnitReportReporter -->
<testsuite hostname="Manu-PC" name="day04.VerifyExcelDataUsingTestNG" tests="2" failures="0" timestamp="31 Dec 2015 15:49:50 GMT" time="55.328" errors="0">
  <testcase name="launchBrowser" time="9.462" classname="day04.VerifyExcelDataUsingTestNG"/>
  <testcase name="launchApplication" time="45.866" classname="day04.VerifyExcelDataUsingTestNG"/>
</testsuite> <!-- day04.VerifyExcelDataUsingTestNG -->
